<?xml version="1.0" encoding="UTF-8"?>
<!-- Generated by org.testng.reporters.JUnitReportReporter -->
<testsuite hostname="LAPTOP-M5R7BE59" failures="0" tests="3" name="datnd.tests.SubmitOderTest" time="45.317" errors="0" timestamp="2025-05-05T14:07:22 ICT" skipped="0">
  <testcase classname="datnd.tests.SubmitOderTest" name="submitOrder" time="11.503"/>
  <testcase classname="datnd.tests.SubmitOderTest" name="OrderHistoryTest" time="24.595"/>
  <testcase classname="datnd.tests.SubmitOderTest" name="submitOrder" time="9.219"/>
</testsuite> <!-- datnd.tests.SubmitOderTest -->
