<?xml version="1.0" encoding="UTF-8"?>
<!-- Generated by org.testng.reporters.JUnitReportReporter -->
<testsuite hostname="LAPTOP-M5R7BE59" failures="0" tests="1" name="cucumber.TestNGTestRunner" time="24.060" errors="0" timestamp="2025-05-26T13:00:37 ICT" skipped="0">
  <testcase classname="cucumber.TestNGTestRunner" name="runScenario" time="24.060"/>
</testsuite> <!-- cucumber.TestNGTestRunner -->
