<?xml version="1.0" encoding="UTF-8"?>
<!-- Generated by org.testng.reporters.JUnitReportReporter -->
<testsuite hostname="LAPTOP-M5R7BE59" failures="0" tests="2" name="datnd.tests.SubmitOderTest" time="14.988" errors="0" timestamp="2025-05-03T23:29:13 ICT" skipped="0">
  <testcase classname="datnd.tests.SubmitOderTest" name="OrderHistoryTest" time="5.445"/>
  <testcase classname="datnd.tests.SubmitOderTest" name="submitOrder" time="9.543"/>
</testsuite> <!-- datnd.tests.SubmitOderTest -->
