<?xml version="1.0" encoding="UTF-8"?>
<!-- Generated by org.testng.reporters.JUnitReportReporter -->
<testsuite hostname="LAPTOP-M5R7BE59" failures="0" tests="1" name="cucumber.TestNGTestRunner" time="24.095" errors="0" timestamp="2025-05-27T20:38:19 ICT" skipped="0">
  <testcase classname="cucumber.TestNGTestRunner" name="runScenario" time="24.095"/>
</testsuite> <!-- cucumber.TestNGTestRunner -->
