<?xml version="1.0" encoding="UTF-8"?>
<!-- Generated by org.testng.reporters.JUnitReportReporter -->
<testsuite hostname="LAPTOP-M5R7BE59" failures="0" tests="1" name="datnd.tests.ErrorValidationsTest" time="4.288" errors="0" timestamp="2025-05-04T00:00:09 ICT" skipped="0">
  <testcase classname="datnd.tests.ErrorValidationsTest" name="LoginErrorValidation" time="4.288"/>
</testsuite> <!-- datnd.tests.ErrorValidationsTest -->
