<?xml version="1.0" encoding="UTF-8"?>
<!-- Generated by org.testng.reporters.JUnitReportReporter -->
<testsuite hostname="LAPTOP-M5R7BE59" failures="0" tests="3" name="datnd.tests.SubmitOderTest" time="40.554" errors="0" timestamp="2025-05-23T14:12:46 ICT" skipped="0">
  <testcase classname="datnd.tests.SubmitOderTest" name="submitOrder" time="29.674"/>
  <testcase classname="datnd.tests.SubmitOderTest" name="OrderHistoryTest" time="4.527"/>
  <testcase classname="datnd.tests.SubmitOderTest" name="submitOrder" time="6.353"/>
</testsuite> <!-- datnd.tests.SubmitOderTest -->
