<?xml version="1.0" encoding="UTF-8"?>
<!-- Generated by org.testng.reporters.JUnitReportReporter -->
<testsuite hostname="LAPTOP-M5R7BE59" failures="0" tests="1" name="test.day2" time="0.001" errors="0" timestamp="2025-05-01T18:17:42 ICT" skipped="0">
  <testcase classname="test.day2" name="ploan" time="0.001"/>
</testsuite> <!-- test.day2 -->
