<?xml version="1.0" encoding="UTF-8"?>
<!-- Generated by org.testng.reporters.JUnitReportReporter -->
<testsuite hostname="LAPTOP-M5R7BE59" failures="0" tests="6" name="test.day3" time="0.010" errors="0" timestamp="2025-05-01T18:17:42 ICT" skipped="1">
  <testcase classname="test.day3" name="MobileLoginCarLoan" time="0.004"/>
  <testcase classname="test.day3" name="MobileSignoutCarLoan" time="0.001"/>
  <testcase classname="test.day3" name="MobileSignoutCarLoan" time="0.003"/>
  <testcase classname="test.day3" name="MobileSignoutCarLoan" time="0.000"/>
  <testcase classname="test.day3" name="WebloginCarLoan" time="0.002"/>
  <testcase classname="test.day3" name="MobileSignInCarLoan">
    <skipped/>
  </testcase> <!-- MobileSignInCarLoan -->
</testsuite> <!-- test.day3 -->
